\BOOKMARK [0][-]{chapter.1}{\376\377\000I\000n\000t\000r\000o\000d\000u\000c\000t\000i\000o\000n}{}% 1
\BOOKMARK [0][-]{chapter.2}{\376\377\000\311\000t\000u\000d\000e\000\040\000t\000h\000\351\000o\000r\000i\000q\000u\000e}{}% 2
\BOOKMARK [1][-]{section.2.1}{\376\377\000P\000r\000i\000n\000c\000i\000p\000e\000\040\000d\000e\000\040\000f\000o\000n\000c\000t\000i\000o\000n\000n\000e\000m\000e\000n\000t}{chapter.2}% 3
\BOOKMARK [1][-]{section.2.2}{\376\377\000B\000i\000l\000a\000n\000\040\000t\000h\000e\000r\000m\000i\000q\000u\000e}{chapter.2}% 4
\BOOKMARK [1][-]{section.2.3}{\376\377\000L\000o\000i\000\040\000d\000e\000\040\000K\000i\000n\000g}{chapter.2}% 5
\BOOKMARK [1][-]{section.2.4}{\376\377\000L\000o\000i\000\040\000d\000'\000\351\000v\000o\000l\000u\000t\000i\000o\000n\000\040\000d\000e\000\040\000l\000a\000\040\000t\000e\000n\000s\000i\000o\000n}{chapter.2}% 6
\BOOKMARK [0][-]{chapter.3}{\376\377\000A\000N\000C\000I\000E\000N\000\040\000C\000H\000A\000P\000I\000T\000R\000E\000\040\000A\000\040\000M\000O\000D\000I\000F\000I\000E\000R}{}% 7
\BOOKMARK [1][-]{section.3.1}{\376\377\000P\000r\000o\000t\000o\000c\000o\000l\000e\000s\000\040\000p\000o\000s\000s\000i\000b\000l\000e\000s}{chapter.3}% 8
\BOOKMARK [1][-]{section.3.2}{\376\377\000D\000i\000s\000p\000o\000s\000i\000t\000i\000f\000\040\000e\000x\000p\000\351\000r\000i\000m\000e\000n\000t\000a\000l}{chapter.3}% 9
\BOOKMARK [1][-]{section.3.3}{\376\377\000C\000a\000r\000a\000c\000t\000\351\000r\000i\000s\000t\000i\000q\000u\000e\000s\000\040\000d\000y\000n\000a\000m\000i\000q\000u\000e\000s\000\040\000e\000t\000\040\000l\000i\000m\000i\000t\000e\000\040\000d\000e\000\040\000f\000r\000\351\000q\000u\000e\000n\000c\000e}{chapter.3}% 10
\BOOKMARK [0][-]{chapter.4}{\376\377\000D\000i\000s\000p\000o\000s\000i\000t\000i\000f\000\040\000e\000x\000p\000\351\000r\000i\000m\000e\000n\000t\000a\000l}{}% 11
\BOOKMARK [1][-]{section.4.1}{\376\377\000P\000r\000\351\000s\000e\000n\000t\000a\000t\000i\000o\000n\000\040\000d\000u\000\040\000m\000a\000t\000\351\000r\000i\000e\000l\000\040\000m\000i\000s\000\040\000\340\000\040\000d\000i\000s\000p\000o\000s\000i\000t\000i\000o\000n}{chapter.4}% 12
\BOOKMARK [2][-]{subsection.4.1.1}{\376\377\000I\000n\000v\000e\000n\000t\000a\000i\000r\000e\000\040\000d\000e\000s\000\040\000f\000i\000l\000s}{section.4.1}% 13
\BOOKMARK [1][-]{section.4.2}{\376\377\000P\000r\000\351\000c\000a\000u\000t\000i\000o\000n\000\040\000n\000\351\000c\000e\000s\000s\000a\000i\000r\000e}{chapter.4}% 14
\BOOKMARK [1][-]{section.4.3}{\376\377\000S\000o\000l\000u\000t\000i\000o\000n\000\040\000D\000a\000n\000t\000e\000c\000\040\000D\000y\000n\000a\000m\000i\000c\000s}{chapter.4}% 15
\BOOKMARK [2][-]{subsection.4.3.1}{\376\377\000P\000r\000\351\000s\000e\000n\000t\000a\000t\000i\000o\000n\000\040\000d\000e\000\040\000l\000a\000\040\000s\000o\000l\000u\000t\000i\000o\000n}{section.4.3}% 16
\BOOKMARK [2][-]{subsection.4.3.2}{\376\377\000L\000e\000\040\000h\000a\000r\000d\000w\000a\000r\000e\000\040\000e\000t\000\040\000S\000t\000r\000e\000a\000m\000W\000a\000r\000e\000\040\000:\000\040\000l\000e\000s\000\040\000c\000o\000m\000p\000o\000s\000a\000n\000t\000s\000\040\000p\000h\000y\000s\000i\000q\000u\000e\000s}{section.4.3}% 17
\BOOKMARK [2][-]{subsection.4.3.3}{\376\377\000L\000e\000\040\000s\000o\000f\000t\000w\000a\000r\000e\000\040\000S\000t\000r\000e\000a\000m\000L\000i\000n\000e\000\040\000:\000\040\000L\000e\000\040\000l\000o\000g\000i\000c\000i\000e\000l}{section.4.3}% 18
\BOOKMARK [1][-]{section.4.4}{\376\377\000L\000e\000c\000t\000u\000r\000e\000\040\000d\000e\000s\000\040\000g\000r\000a\000p\000h\000i\000q\000u\000e\000s\000\040\000s\000u\000r\000\040\000l\000'\000e\000x\000e\000m\000p\000l\000e}{chapter.4}% 19
\BOOKMARK [2][-]{subsection.4.4.1}{\376\377\000P\000r\000\351\000s\000e\000n\000t\000a\000t\000i\000o\000n\000\040\000d\000u\000\040\000m\000a\000t\000\351\000r\000i\000e\000l\000\040\000e\000t\000\040\000c\000o\000n\000f\000i\000g\000u\000r\000a\000t\000i\000o\000n}{section.4.4}% 20
\BOOKMARK [2][-]{subsection.4.4.2}{\376\377\000M\000o\000d\000\350\000l\000e\000\040\000d\000e\000\040\000c\000o\000n\000v\000e\000r\000s\000i\000o\000n\000\040\000e\000t\000\040\000\351\000t\000a\000l\000o\000n\000n\000a\000g\000e}{section.4.4}% 21
\BOOKMARK [2][-]{subsection.4.4.3}{\376\377\000V\000a\000l\000e\000u\000r\000s\000\040\000m\000e\000s\000u\000r\000\351\000e\000s\000\040\000e\000t\000\040\000e\000s\000t\000i\000m\000a\000t\000i\000o\000n\000\040\000d\000e\000\040\000l\000'\000e\000r\000r\000e\000u\000r}{section.4.4}% 22
\BOOKMARK [2][-]{subsection.4.4.4}{\376\377\000C\000a\000r\000a\000c\000t\000\351\000r\000i\000s\000a\000t\000i\000o\000n\000\040\000d\000e\000\040\000l\000'\000\351\000c\000o\000u\000l\000e\000m\000e\000n\000t}{section.4.4}% 23
\BOOKMARK [1][-]{section.4.5}{\376\377\000C\000o\000m\000s\000o\000l}{chapter.4}% 24
\BOOKMARK [0][-]{chapter.5}{\376\377\000R\000\351\000s\000u\000l\000t\000a\000t\000s\000\040\000e\000t\000\040\000D\000i\000s\000c\000u\000s\000s\000i\000o\000n}{}% 25
\BOOKMARK [1][-]{section.5.1}{\376\377\000P\000r\000o\000f\000i\000l\000\040\000d\000e\000\040\000v\000i\000t\000e\000s\000s\000e\000\040\000\340\000\040\000l\000a\000\040\000s\000o\000r\000t\000i\000e\000\040\000d\000u\000\040\000s\000y\000s\000t\000\350\000m\000e}{chapter.5}% 26
\BOOKMARK [1][-]{section.5.2}{\376\377\000M\000e\000s\000u\000r\000e\000\040\000d\000'\000a\000n\000\351\000m\000o\000m\000\351\000t\000r\000i\000e\000,\000\040\000a\000v\000e\000c\000\040\000l\000a\000\040\000m\000\351\000t\000h\000o\000d\000e\000\040\000A\000T\000C}{chapter.5}% 27
\BOOKMARK [2][-]{subsection.5.2.1}{\376\377\000M\000\351\000t\000h\000o\000d\000e\000\040\000d\000e\000\040\000c\000a\000l\000c\000u\000l}{section.5.2}% 28
\BOOKMARK [2][-]{subsection.5.2.2}{\376\377\000d\000\351\000t\000e\000r\000m\000i\000n\000a\000t\000i\000o\000n\000\040\000d\000e\000s\000\040\000c\000o\000n\000s\000t\000a\000n\000t\000e\000s\000\040\000A\000,\000B\000,\000n}{section.5.2}% 29
\BOOKMARK [2][-]{subsection.5.2.3}{\376\377\000M\000e\000s\000u\000r\000e\000\040\000e\000n\000\040\000c\000o\000u\000c\000h\000e\000\040\000l\000i\000m\000i\000t\000e}{section.5.2}% 30
\BOOKMARK [1][-]{section.5.3}{\376\377\000\311\000t\000u\000d\000e\000\040\000d\000e\000\040\000l\000a\000\040\000c\000o\000u\000c\000h\000e\000\040\000l\000i\000m\000i\000t\000e}{chapter.5}% 31
\BOOKMARK [2][-]{subsection.5.3.1}{\376\377\000Q\000u\000a\000l\000i\000f\000i\000c\000a\000t\000i\000o\000n\000\040\000d\000e\000\040\000l\000a\000\040\000t\000u\000r\000b\000u\000l\000e\000n\000c\000e}{section.5.3}% 32
\BOOKMARK [2][-]{subsection.5.3.2}{\376\377\000U\000+\000,\000\040\000e\000t\000\040\000y\000+}{section.5.3}% 33
\BOOKMARK [2][-]{subsection.5.3.3}{\376\377\000C\000a\000l\000c\000u\000l\000\040\000d\000e\000\040\000U\000m}{section.5.3}% 34
\BOOKMARK [0][-]{chapter*.25}{\376\377\000C\000o\000n\000c\000l\000u\000s\000i\000o\000n}{}% 35
\BOOKMARK [0][-]{chapter*.26}{\376\377\000A\000n\000n\000e\000x\000e\000s}{}% 36
\BOOKMARK [0][-]{chapter*.26}{\376\377\000T\000a\000b\000l\000e\000a\000u\000x\000\040\000d\000e\000\040\000v\000a\000l\000e\000u\000r\000s}{}% 37
\BOOKMARK [1][-]{section.1.1}{\376\377\000T\000a\000b\000l\000e\000a\000u\000x}{chapter*.26}% 38
\BOOKMARK [2][-]{subsection.1.1.1}{\376\377\000T\000a\000b\000l\000e\000a\000u\000\040\000p\000o\000u\000r\000\040\000p\000r\000o\000f\000i\000l\000\040\000d\000e\000\040\000v\000i\000t\000e\000s\000s\000e\000\040\000\050\0004\000.\0002\000\051}{section.1.1}% 39
\BOOKMARK [2][-]{subsection.1.1.2}{\376\377\000T\000a\000b\000l\000e\000a\000u\000\040\000d\000\351\000t\000e\000r\000m\000i\000n\000a\000t\000i\000o\000n\000\040\000d\000e\000s\000\040\000c\000o\000n\000s\000t\000a\000n\000t\000e\000s\000\040\000A\000,\000B\000,\000n\000\040\000\050\0004\000.\0003\000.\0002\000\051}{section.1.1}% 40
\BOOKMARK [2][-]{subsection.1.1.3}{\376\377\000T\000a\000b\000l\000e\000a\000u\000\040\000d\000e\000u\000x\000\040\000p\000u\000i\000s\000s\000a\000n\000c\000e\000s\000\040\000e\000n\000\040\000s\000o\000u\000f\000f\000l\000e\000r\000i\000e\000\040\000\050\0004\000.\0004\000\051}{section.1.1}% 41
\BOOKMARK [2][-]{subsection.1.1.4}{\376\377\000T\000a\000b\000l\000e\000a\000u\000\040\000p\000o\000u\000r\000\040\000l\000a\000\040\000l\000o\000i\000\040\000l\000o\000g\000a\000r\000i\000t\000h\000m\000e\000\040\000d\000e\000\040\000v\000o\000n\000\040\000K\000\341\000r\000m\000\341\000n}{section.1.1}% 42
\BOOKMARK [0][-]{table.caption.30}{\376\377\000T\000P\000\040\000A\000n\000\351\000m\000o\000m\000\351\000t\000r\000i\000e}{}% 43
\BOOKMARK [1][-]{section.1.1}{\376\377\000I\000n\000t\000r\000o\000d\000u\000c\000t\000i\000o\000n}{table.caption.30}% 44
\BOOKMARK [1][-]{section.1.2}{\376\377\000D\000i\000s\000p\000o\000s\000i\000t\000i\000f\000\040\000E\000x\000p\000\351\000r\000i\000m\000e\000n\000t\000a\000l}{table.caption.30}% 45
\BOOKMARK [2][-]{subsection.1.2.1}{\376\377\000M\000o\000n\000t\000a\000g\000e\000\040\000e\000t\000\040\000G\000\351\000o\000m\000\351\000t\000r\000i\000e}{section.1.2}% 46
\BOOKMARK [2][-]{subsection.1.2.2}{\376\377\000I\000n\000s\000t\000r\000u\000m\000e\000n\000t\000a\000t\000i\000o\000n}{section.1.2}% 47
\BOOKMARK [1][-]{section.1.3}{\376\377\000C\000a\000l\000i\000b\000r\000a\000t\000i\000o\000n\000\040\000d\000u\000\040\000F\000i\000l\000\040\000C\000h\000a\000u\000d}{table.caption.30}% 48
\BOOKMARK [1][-]{section.1.4}{\376\377\000R\000\351\000s\000u\000l\000t\000a\000t\000s\000\040\000e\000t\000\040\000A\000n\000a\000l\000y\000s\000e}{table.caption.30}% 49
\BOOKMARK [2][-]{subsection.1.4.1}{\376\377\000P\000r\000o\000f\000i\000l\000s\000\040\000d\000e\000\040\000P\000r\000e\000s\000s\000i\000o\000n}{section.1.4}% 50
\BOOKMARK [2][-]{subsection.1.4.2}{\376\377\000M\000e\000s\000u\000r\000e\000s\000\040\000A\000n\000\351\000m\000o\000m\000\351\000t\000r\000i\000q\000u\000e\000s}{section.1.4}% 51
\BOOKMARK [2][-]{subsection.1.4.3}{\376\377\000M\000e\000s\000u\000r\000e\000s\000\040\000A\000n\000\351\000m\000o\000m\000\351\000t\000r\000i\000q\000u\000e\000s\000\040\000:\000\040\000c\000o\000u\000c\000h\000e\000\040\000l\000i\000m\000i\000t\000e}{section.1.4}% 52
\BOOKMARK [1][-]{section.1.5}{\376\377\000C\000o\000n\000c\000l\000u\000s\000i\000o\000n}{table.caption.30}% 53
